<?xml version="1.0" encoding="UTF-8"?>
<!-- Generated by org.testng.reporters.JUnitXMLReporter -->
<testsuite hostname="DESKTOP-A8V00V9" ignored="0" name="Sample test" tests="15" failures="2" timestamp="25 Jan 2019 11:07:40 GMT" time="1121.677" errors="0">
  <testcase name="setUp" time="157.499" classname="com.training.functional.tests.MovePropertiesToTrash"/>
  <testcase name="setUp" time="144.117" classname="com.training.functional.tests.AddNewFeature"/>
  <testcase name="setUp" time="158.292" classname="com.training.functional.tests.DeleteFeature"/>
  <testcase name="setUp" time="132.122" classname="com.training.functional.tests.AddNewRegion"/>
  <testcase name="setUp" time="158.617" classname="com.training.functional.tests.DeleteRegion"/>
  <testcase name="validLoginTest" time="16.216" classname="com.training.functional.tests.MovePropertiesToTrash"/>
  <testcase name="validLoginTest" time="32.289" classname="com.training.functional.tests.AddNewFeature"/>
  <testcase name="validLoginTest" time="16.663" classname="com.training.functional.tests.DeleteFeature"/>
  <testcase name="validLoginTest" time="26.964" classname="com.training.functional.tests.AddNewRegion"/>
  <testcase name="validLoginTest" time="12.848" classname="com.training.functional.tests.DeleteRegion"/>
  <testcase name="movePropertiesToTrash" time="18.502" classname="com.training.functional.tests.MovePropertiesToTrash"/>
  <testcase name="addNewFeature" time="46.025" classname="com.training.functional.tests.AddNewFeature">
    <failure type="java.lang.AssertionError" message="expected [true] but found [false]">
      <![CDATA[java.lang.AssertionError: expected [true] but found [false]
at com.training.functional.tests.AddNewFeature.addNewFeature(AddNewFeature.java:81)
... Removed 29 stack frames]]>
    </failure>
  </testcase> <!-- addNewFeature -->
  <testcase name="deleteFeature" time="72.839" classname="com.training.functional.tests.DeleteFeature"/>
  <testcase name="addNewRegion" time="100.752" classname="com.training.functional.tests.AddNewRegion">
    <failure type="java.lang.AssertionError" message="expected [true] but found [false]">
      <![CDATA[java.lang.AssertionError: expected [true] but found [false]
at com.training.functional.tests.AddNewRegion.addNewRegion(AddNewRegion.java:82)
... Removed 29 stack frames]]>
    </failure>
  </testcase> <!-- addNewRegion -->
  <testcase name="deleteRegion" time="19.318" classname="com.training.functional.tests.DeleteRegion"/>
</testsuite> <!-- Sample test -->
